{
  "stats": {
    "suites": 1,
    "tests": 3,
    "passes": 3,
    "pending": 0,
    "failures": 0,
    "start": "2023-07-18T06:28:31.873Z",
    "end": "2023-07-18T06:34:51.102Z",
    "duration": 379229,
    "testsRegistered": 3,
    "passPercent": 100,
    "pendingPercent": 0,
    "other": 0,
    "hasOther": false,
    "skipped": 0,
    "hasSkipped": false
  },
  "results": [
    {
      "uuid": "e12ac948-d4a8-42bd-aacf-79a0355908e3",
      "title": "",
      "fullFile": "tests/e2e/specs/dashboard.spec.js",
      "file": "tests/e2e/specs/dashboard.spec.js",
      "beforeHooks": [],
      "afterHooks": [],
      "tests": [],
      "suites": [
        {
          "uuid": "e8867c28-810e-4bc6-94ff-81f1e44941e2",
          "title": "Dashboard",
          "fullFile": "",
          "file": "",
          "beforeHooks": [],
          "afterHooks": [],
          "tests": [
            {
              "title": "Connected Network and Native Token Details",
              "fullTitle": "Dashboard Connected Network and Native Token Details",
              "timedOut": null,
              "duration": 58362,
              "state": "passed",
              "speed": "slow",
              "pass": true,
              "fail": false,
              "pending": false,
              "context": null,
              "code": "cy.visit('/'); //connecting MetaMask\n(0, _dashboard.connectWalletftn)(); //connected network details\n(0, _dashboard.nativeDetails)(0); //disconnecting wallet\ncy.disconnectMetamaskWalletFromAllDapps();",
              "err": {},
              "uuid": "d8f567b6-3c82-420b-9b0a-85c134a1b8db",
              "parentUUID": "e8867c28-810e-4bc6-94ff-81f1e44941e2",
              "isHook": false,
              "skipped": false
            },
            {
              "title": "Switch to Mainnets",
              "fullTitle": "Dashboard Switch to Mainnets",
              "timedOut": null,
              "duration": 150924,
              "state": "passed",
              "speed": "slow",
              "pass": true,
              "fail": false,
              "pending": false,
              "context": null,
              "code": "cy.visit('/'); //connecting MetaMask\n(0, _dashboard.connectWalletftn)(); // Switching to the Mainnets\nfor (let i = 0; i < networkNameArr.length - 1; i++) {\n  // Switch to the next network\n  cy.get(networkName).should('have.attr', 'title', networkNameArr[i]).click();\n  cy.get(networks).contains(networkNameArr[i + 1]).click();\n  cy.wait(2000); // Allow Metamask to add or switch networks\n  if (i === networkNameArr.length - 2) {\n    cy.allowMetamaskToSwitchNetwork();\n  } else {\n    cy.allowMetamaskToAddAndSwitchNetwork();\n  } // Verify the switched network details\n\n  cy.get(networkName).should('have.attr', 'title', networkNameArr[i + 1]).should('be.visible'); // Verify native details based on the network\n  if (i !== networkNameArr.length - 3) {\n    (0, _dashboard.nativeDetails)(i + 1);\n  } else {\n    cy.get(walletAddress).invoke('text').then(text => {\n      const walletAddressText = text.trim();\n      cy.contains(walletAddressText).should('be.visible');\n    });\n    cy.get(gasToken, {\n      timeout: 50000\n    }).invoke('text').should('contain', gasTokenArr[i + 1]);\n  }\n} //disconnecting wallet\n\ncy.disconnectMetamaskWalletFromAllDapps();",
              "err": {},
              "uuid": "289d8844-93b7-4305-b8de-9d51cc91d770",
              "parentUUID": "e8867c28-810e-4bc6-94ff-81f1e44941e2",
              "isHook": false,
              "skipped": false
            },
            {
              "title": "Switch to Testnets",
              "fullTitle": "Dashboard Switch to Testnets",
              "timedOut": null,
              "duration": 168812,
              "state": "passed",
              "speed": "slow",
              "pass": true,
              "fail": false,
              "pending": false,
              "context": null,
              "code": "cy.visit('/'); //connecting MetaMask\n(0, _dashboard.connectWalletftn)(); // Switching to the Testnets\nfor (let i = 0; i < testnetNetworkNameArr.length - 1; i++) {\n  // Switch to the next testnet\n  cy.get(networkName).should('have.attr', 'title', testnetNetworkNameArr[i]).click();\n  if (i !== testnetNetworkNameArr.length - 2) {\n    cy.get(testnetBtn).contains(\"Testnet\").click();\n  }\n  cy.get(networks).contains(testnetNetworkNameArr[i + 1]).click();\n  cy.wait(2000); // Allow Metamask to add or switch networks\n  if (i === testnetNetworkNameArr.length - 2) {\n    cy.allowMetamaskToSwitchNetwork();\n  } else {\n    cy.allowMetamaskToAddAndSwitchNetwork();\n  } // Verify the switched testnet details\n\n  cy.get(networkName).should('have.attr', 'title', testnetNetworkNameArr[i + 1]).should('be.visible');\n  (0, _dashboard.nativeDetails)(i + 5);\n} //disconnecting wallet\n\ncy.disconnectMetamaskWalletFromAllDapps();",
              "err": {},
              "uuid": "9f45a56f-d288-4c4b-981e-cd39abe89af8",
              "parentUUID": "e8867c28-810e-4bc6-94ff-81f1e44941e2",
              "isHook": false,
              "skipped": false
            }
          ],
          "suites": [],
          "passes": [
            "d8f567b6-3c82-420b-9b0a-85c134a1b8db",
            "289d8844-93b7-4305-b8de-9d51cc91d770",
            "9f45a56f-d288-4c4b-981e-cd39abe89af8"
          ],
          "failures": [],
          "pending": [],
          "skipped": [],
          "duration": 378098,
          "root": false,
          "rootEmpty": false,
          "_timeout": 2000
        }
      ],
      "passes": [],
      "failures": [],
      "pending": [],
      "skipped": [],
      "duration": 0,
      "root": true,
      "rootEmpty": true,
      "_timeout": 2000
    }
  ],
  "meta": {
    "mocha": {
      "version": "7.0.1"
    },
    "mochawesome": {
      "options": {
        "quiet": false,
        "reportFilename": "mochawesome",
        "saveHtml": false,
        "saveJson": true,
        "consoleReporter": "spec",
        "useInlineDiffs": false,
        "code": true
      },
      "version": "7.1.3"
    },
    "marge": {
      "options": {
        "reportDir": "tests\\reports\\.jsons",
        "overwrite": false,
        "html": false,
        "json": true
      },
      "version": "6.2.0"
    }
  }
}